<?xml version="1.0" encoding="UTF-8"?>
<!-- Generated by org.testng.reporters.JUnitReportReporter -->
<testsuite hostname="LAPTOP-0GFUST29" failures="0" tests="2" name="testcases.LoginTest" time="6.648" errors="0" timestamp="29 Nov 2023 11:29:57 GMT" skipped="0">
  <testcase classname="testcases.LoginTest" name="LoginFailureTest" time="2.507"/>
  <testcase classname="testcases.LoginTest" name="LoginSuccessTest" time="4.141"/>
</testsuite> <!-- testcases.LoginTest -->
