<?xml version="1.0" encoding="UTF-8"?>
<!-- Generated by org.testng.reporters.JUnitReportReporter -->
<testsuite hostname="LAPTOP-0GFUST29" failures="0" tests="1" name="testcases.AddToCartTest" time="51.989" errors="0" timestamp="02 Dec 2023 14:13:12 GMT" skipped="0">
  <testcase classname="testcases.AddToCartTest" name="addmultiproductstest" time="51.989"/>
</testsuite> <!-- testcases.AddToCartTest -->
